c:\users\liam\documents\visual studio 2013\projects\projection\projection\debug\vc120.pdb
c:\users\liam\documents\visual studio 2013\projects\projection\projection\debug\vc120.idb
c:\users\liam\documents\visual studio 2013\projects\projection\projection\debug\backbuffer.obj
c:\users\liam\documents\visual studio 2013\projects\projection\projection\debug\background.obj
c:\users\liam\documents\visual studio 2013\projects\projection\projection\debug\controllerbackground.obj
c:\users\liam\documents\visual studio 2013\projects\projection\projection\debug\controllerplayer.obj
c:\users\liam\documents\visual studio 2013\projects\projection\projection\debug\entity.obj
c:\users\liam\documents\visual studio 2013\projects\projection\projection\debug\game.obj
c:\users\liam\documents\visual studio 2013\projects\projection\projection\debug\inputhandler.obj
c:\users\liam\documents\visual studio 2013\projects\projection\projection\debug\levelmanager.obj
c:\users\liam\documents\visual studio 2013\projects\projection\projection\debug\libtest.obj
c:\users\liam\documents\visual studio 2013\projects\projection\projection\debug\logmanager.obj
c:\users\liam\documents\visual studio 2013\projects\projection\projection\debug\main.obj
c:\users\liam\documents\visual studio 2013\projects\projection\projection\debug\player.obj
c:\users\liam\documents\visual studio 2013\projects\projection\projection\debug\sprite.obj
c:\users\liam\documents\visual studio 2013\projects\projection\projection\debug\33_file_reading_and_writing.obj
c:\users\liam\documents\visual studio 2013\projects\projection\projection\debug\texture.obj
c:\users\liam\documents\visual studio 2013\projects\projection\projection\debug\texturemanager.obj
c:\users\liam\documents\visual studio 2013\projects\projection\projection\debug\tilemap.obj
c:\users\liam\documents\visual studio 2013\projects\projection\projection\debug\tilemask.obj
c:\users\liam\documents\visual studio 2013\projects\projection\projection\debug\tile.obj
c:\users\liam\documents\visual studio 2013\projects\projection\debug\projection.ilk
c:\users\liam\documents\visual studio 2013\projects\projection\debug\projection.exe
c:\users\liam\documents\visual studio 2013\projects\projection\debug\projection.pdb
c:\users\liam\documents\visual studio 2013\projects\projection\projection\debug\projection.tlog\cl.command.1.tlog
c:\users\liam\documents\visual studio 2013\projects\projection\projection\debug\projection.tlog\cl.read.1.tlog
c:\users\liam\documents\visual studio 2013\projects\projection\projection\debug\projection.tlog\cl.write.1.tlog
c:\users\liam\documents\visual studio 2013\projects\projection\projection\debug\projection.tlog\link.command.1.tlog
c:\users\liam\documents\visual studio 2013\projects\projection\projection\debug\projection.tlog\link.read.1.tlog
c:\users\liam\documents\visual studio 2013\projects\projection\projection\debug\projection.tlog\link.write.1.tlog
